<?xml version="1.0" encoding="UTF-8"?>
<!-- Generated by org.testng.reporters.JUnitXMLReporter -->
<testsuite ignored="0" hostname="DESKTOP-378FNKH" failures="3" tests="10" name="Test" time="17.144" errors="0" timestamp="2024-06-20T18:42:36 IST">
  <testcase classname="api.test.UserTests" name="testPostUser" time="3.581"/>
  <testcase classname="api.test.UserTests" name="testgetUser" time="1.23"/>
  <testcase classname="api.test.UserTests" name="testUpdateUserByName" time="2.218"/>
  <testcase classname="api.test.UserTests" name="testDeleteUserByName" time="1.168"/>
  <testcase classname="api.test.DataDrivenTests" name="testPostUser" time="1.107"/>
  <testcase classname="api.test.DataDrivenTests" name="testPostUser" time="1.122"/>
  <testcase classname="api.test.DataDrivenTests" name="testPostUser" time="1.161"/>
  <testcase classname="api.test.DataDrivenTests" name="testDeleteUserByName" time="1.134">
    <failure type="java.lang.AssertionError" message="expected [200] but found [404]">
      <![CDATA[java.lang.AssertionError: expected [200] but found [404]
at api.test.DataDrivenTests.testDeleteUserByName(DataDrivenTests.java:35)
at java.base/java.util.ArrayList.forEach(ArrayList.java:1511)
... Removed 33 stack frames]]>
    </failure>
  </testcase> <!-- testDeleteUserByName -->
  <testcase classname="api.test.DataDrivenTests" name="testDeleteUserByName" time="1.093">
    <failure type="java.lang.AssertionError" message="expected [200] but found [404]">
      <![CDATA[java.lang.AssertionError: expected [200] but found [404]
at api.test.DataDrivenTests.testDeleteUserByName(DataDrivenTests.java:35)
at java.base/java.util.ArrayList.forEach(ArrayList.java:1511)
... Removed 33 stack frames]]>
    </failure>
  </testcase> <!-- testDeleteUserByName -->
  <testcase classname="api.test.DataDrivenTests" name="testDeleteUserByName" time="1.131">
    <failure type="java.lang.AssertionError" message="expected [200] but found [404]">
      <![CDATA[java.lang.AssertionError: expected [200] but found [404]
at api.test.DataDrivenTests.testDeleteUserByName(DataDrivenTests.java:35)
at java.base/java.util.ArrayList.forEach(ArrayList.java:1511)
... Removed 33 stack frames]]>
    </failure>
  </testcase> <!-- testDeleteUserByName -->
</testsuite> <!-- Test -->
