<?xml version="1.0" encoding="UTF-8"?>
<!-- Generated by org.testng.reporters.JUnitXMLReporter -->
<testsuite ignored="0" hostname="DESKTOP-378FNKH" failures="3" tests="10" name="PetTests" time="17.348" errors="0" timestamp="2024-06-22T15:44:48 IST">
  <testcase classname="api.test.UserTests" name="testPostUser" time="3.56"/>
  <testcase classname="api.test.UserTests" name="testgetUser" time="1.174"/>
  <testcase classname="api.test.UserTests" name="testUpdateUserByName" time="2.31"/>
  <testcase classname="api.test.UserTests" name="testDeleteUserByName" time="1.184"/>
  <testcase classname="api.test.DataDrivenTests" name="testPostUser" time="1.23"/>
  <testcase classname="api.test.DataDrivenTests" name="testPostUser" time="1.093"/>
  <testcase classname="api.test.DataDrivenTests" name="testPostUser" time="1.151"/>
  <testcase classname="api.test.DataDrivenTests" name="testDeleteUserByName" time="1.09">
    <failure type="java.lang.AssertionError" message="expected [200] but found [404]">
      <![CDATA[java.lang.AssertionError: expected [200] but found [404]
at api.test.DataDrivenTests.testDeleteUserByName(DataDrivenTests.java:34)
at java.base/java.util.ArrayList.forEach(ArrayList.java:1511)
... Removed 33 stack frames]]>
    </failure>
  </testcase> <!-- testDeleteUserByName -->
  <testcase classname="api.test.DataDrivenTests" name="testDeleteUserByName" time="1.2">
    <failure type="java.lang.AssertionError" message="expected [200] but found [404]">
      <![CDATA[java.lang.AssertionError: expected [200] but found [404]
at api.test.DataDrivenTests.testDeleteUserByName(DataDrivenTests.java:34)
at java.base/java.util.ArrayList.forEach(ArrayList.java:1511)
... Removed 33 stack frames]]>
    </failure>
  </testcase> <!-- testDeleteUserByName -->
  <testcase classname="api.test.DataDrivenTests" name="testDeleteUserByName" time="1.134">
    <failure type="java.lang.AssertionError" message="expected [200] but found [404]">
      <![CDATA[java.lang.AssertionError: expected [200] but found [404]
at api.test.DataDrivenTests.testDeleteUserByName(DataDrivenTests.java:34)
at java.base/java.util.ArrayList.forEach(ArrayList.java:1511)
... Removed 33 stack frames]]>
    </failure>
  </testcase> <!-- testDeleteUserByName -->
</testsuite> <!-- PetTests -->
